2025-03-06 14:06:43,759 - Epoch [1/5], Step [2000/12500], Loss: 2.3726
2025-03-06 14:06:45,038 - Epoch [1/5], Step [4000/12500], Loss: 2.2973
2025-03-06 14:06:46,300 - Epoch [1/5], Step [6000/12500], Loss: 2.2752
2025-03-06 14:06:47,749 - Epoch [1/5], Step [8000/12500], Loss: 2.2541
2025-03-06 14:06:49,051 - Epoch [1/5], Step [10000/12500], Loss: 2.2179
2025-03-06 14:06:50,396 - Epoch [1/5], Step [12000/12500], Loss: 2.0884
2025-03-06 14:06:50,741 - Epoch 1 completed in 8.31 seconds
2025-03-06 14:06:52,112 - Epoch [2/5], Step [2000/12500], Loss: 1.6760
2025-03-06 14:06:53,449 - Epoch [2/5], Step [4000/12500], Loss: 1.3620
2025-03-06 14:06:54,876 - Epoch [2/5], Step [6000/12500], Loss: 2.3124
2025-03-06 14:06:56,252 - Epoch [2/5], Step [8000/12500], Loss: 2.1619
2025-03-06 14:06:57,651 - Epoch [2/5], Step [10000/12500], Loss: 1.3095
2025-03-06 14:06:59,011 - Epoch [2/5], Step [12000/12500], Loss: 2.6844
2025-03-06 14:06:59,353 - Epoch 2 completed in 8.61 seconds
2025-03-06 14:07:00,673 - Epoch [3/5], Step [2000/12500], Loss: 1.5876
2025-03-06 14:07:01,959 - Epoch [3/5], Step [4000/12500], Loss: 2.2880
2025-03-06 14:07:03,256 - Epoch [3/5], Step [6000/12500], Loss: 1.6664
2025-03-06 14:07:04,921 - Epoch [3/5], Step [8000/12500], Loss: 2.0131
2025-03-06 14:07:06,334 - Epoch [3/5], Step [10000/12500], Loss: 0.9479
2025-03-06 14:07:07,619 - Epoch [3/5], Step [12000/12500], Loss: 1.8446
2025-03-06 14:07:07,935 - Epoch 3 completed in 8.58 seconds
2025-03-06 14:07:09,225 - Epoch [4/5], Step [2000/12500], Loss: 0.8857
2025-03-06 14:07:10,695 - Epoch [4/5], Step [4000/12500], Loss: 1.2433
2025-03-06 14:07:12,141 - Epoch [4/5], Step [6000/12500], Loss: 1.3005
2025-03-06 14:07:13,585 - Epoch [4/5], Step [8000/12500], Loss: 0.8303
2025-03-06 14:07:14,889 - Epoch [4/5], Step [10000/12500], Loss: 1.0888
2025-03-06 14:07:16,232 - Epoch [4/5], Step [12000/12500], Loss: 2.6323
2025-03-06 14:07:16,562 - Epoch 4 completed in 8.63 seconds
2025-03-06 14:07:17,901 - Epoch [5/5], Step [2000/12500], Loss: 1.3846
2025-03-06 14:07:19,418 - Epoch [5/5], Step [4000/12500], Loss: 0.6239
2025-03-06 14:07:20,744 - Epoch [5/5], Step [6000/12500], Loss: 0.9793
2025-03-06 14:07:22,092 - Epoch [5/5], Step [8000/12500], Loss: 1.4278
2025-03-06 14:07:23,401 - Epoch [5/5], Step [10000/12500], Loss: 1.1230
2025-03-06 14:07:24,717 - Epoch [5/5], Step [12000/12500], Loss: 1.7477
2025-03-06 14:07:25,041 - Epoch 5 completed in 8.48 seconds
2025-03-06 14:07:25,041 - Training completed in 42.61 seconds
2025-03-06 14:07:26,131 - 
Class: plane
Accuracy: 0.9199
Precision: 0.6189
Recall: 0.5180
F1-score: 0.5640
Specificity: 0.9646
2025-03-06 14:07:26,131 - 
Class: car
Accuracy: 0.9143
Precision: 0.5538
Recall: 0.7360
F1-score: 0.6320
Specificity: 0.9341
2025-03-06 14:07:26,131 - 
Class: bird
Accuracy: 0.8755
Precision: 0.3715
Recall: 0.3540
F1-score: 0.3625
Specificity: 0.9334
2025-03-06 14:07:26,131 - 
Class: cat
Accuracy: 0.8570
Precision: 0.3217
Recall: 0.3880
F1-score: 0.3518
Specificity: 0.9091
2025-03-06 14:07:26,131 - 
Class: deer
Accuracy: 0.8962
Precision: 0.4694
Recall: 0.2910
F1-score: 0.3593
Specificity: 0.9634
2025-03-06 14:07:26,131 - 
Class: dog
Accuracy: 0.8982
Precision: 0.4874
Recall: 0.3490
F1-score: 0.4068
Specificity: 0.9592
2025-03-06 14:07:26,131 - 
Class: frog
Accuracy: 0.8715
Precision: 0.4223
Recall: 0.7740
F1-score: 0.5464
Specificity: 0.8823
2025-03-06 14:07:26,131 - 
Class: horse
Accuracy: 0.9249
Precision: 0.6948
Recall: 0.4440
F1-score: 0.5418
Specificity: 0.9783
2025-03-06 14:07:26,131 - 
Class: ship
Accuracy: 0.9155
Precision: 0.5688
Recall: 0.6410
F1-score: 0.6027
Specificity: 0.9460
2025-03-06 14:07:26,131 - 
Class: truck
Accuracy: 0.9158
Precision: 0.6068
Recall: 0.4490
F1-score: 0.5161
Specificity: 0.9677
2025-03-06 14:07:26,132 - 
Confusion Matrix:
2025-03-06 14:07:26,132 - ----------------
2025-03-06 14:07:26,132 - Predicted ->
2025-03-06 14:07:26,132 - Actual ↓
2025-03-06 14:07:26,132 -       plane  car    bird   cat    deer   dog    frog   horse  ship   truck  
2025-03-06 14:07:26,132 - plane     518     69     83     34     27      3     33     10    190     33
2025-03-06 14:07:26,132 - car        19    736      9     25      7      4     30      5     79     86
2025-03-06 14:07:26,132 - bird       70     29    354    117     95     62    192     29     31     21
2025-03-06 14:07:26,132 - cat        18     32     85    388     37    123    244     33     17     23
2025-03-06 14:07:26,132 - deer       37     22    171     66    291     46    283     49     25     10
2025-03-06 14:07:26,132 - dog         6     11    110    289     35    349    132     34     22     12
2025-03-06 14:07:26,132 - frog        4     16     53     70     36     12    774     10      8     17
2025-03-06 14:07:26,132 - horse      21     22     55    137     78    106     80    444     14     43
2025-03-06 14:07:26,132 - ship      116    117     18     27      7      7     17      4    641     46
2025-03-06 14:07:26,132 - truck      28    275     15     53      7      4     48     21    100    449
2025-03-06 14:07:26,132 - 
Macro-averaged metrics:
2025-03-06 14:07:26,132 - ----------------------
2025-03-06 14:07:26,132 - Macro-Precision: 0.5115
2025-03-06 14:07:26,132 - Macro-Recall: 0.4944
2025-03-06 14:07:26,132 - Macro-F1: 0.5028
