2025-03-10 14:39:41,328 - Epoch [1/5], Step [2000/3125], Loss: 2.2909
2025-03-10 14:39:44,243 - Epoch 1 completed in 8.14 seconds
2025-03-10 14:39:49,943 - Epoch [2/5], Step [2000/3125], Loss: 2.3048
2025-03-10 14:39:52,784 - Epoch 2 completed in 8.54 seconds
2025-03-10 14:39:57,976 - Epoch [3/5], Step [2000/3125], Loss: 2.3031
2025-03-10 14:40:00,881 - Epoch 3 completed in 8.10 seconds
2025-03-10 14:40:06,222 - Epoch [4/5], Step [2000/3125], Loss: 2.3044
2025-03-10 14:40:09,280 - Epoch 4 completed in 8.40 seconds
2025-03-10 14:40:14,691 - Epoch [5/5], Step [2000/3125], Loss: 2.2991
2025-03-10 14:40:17,765 - Epoch 5 completed in 8.49 seconds
2025-03-10 14:40:17,765 - Training completed in 41.67 seconds
2025-03-10 14:40:18,770 - 
Class: plane
Accuracy: 0.8656
Precision: 0.1228
Recall: 0.0560
F1-score: 0.0769
Specificity: 0.9556
2025-03-10 14:40:18,770 - 
Class: car
Accuracy: 0.8584
Precision: 0.1061
Recall: 0.0560
F1-score: 0.0733
Specificity: 0.9476
2025-03-10 14:40:18,770 - 
Class: bird
Accuracy: 0.8997
Precision: 0.0000
Recall: 0.0000
F1-score: 0.0000
Specificity: 0.9997
2025-03-10 14:40:18,770 - 
Class: cat
Accuracy: 0.8966
Precision: 0.1852
Recall: 0.0100
F1-score: 0.0190
Specificity: 0.9951
2025-03-10 14:40:18,770 - 
Class: deer
Accuracy: 0.9000
Precision: 0.0000
Recall: 0.0000
F1-score: 0.0000
Specificity: 1.0000
2025-03-10 14:40:18,770 - 
Class: dog
Accuracy: 0.8588
Precision: 0.1699
Recall: 0.1060
F1-score: 0.1305
Specificity: 0.9424
2025-03-10 14:40:18,770 - 
Class: frog
Accuracy: 0.7832
Precision: 0.2134
Recall: 0.4350
F1-score: 0.2864
Specificity: 0.8219
2025-03-10 14:40:18,770 - 
Class: horse
Accuracy: 0.4275
Precision: 0.1148
Recall: 0.7040
F1-score: 0.1974
Specificity: 0.3968
2025-03-10 14:40:18,770 - 
Class: ship
Accuracy: 0.9000
Precision: 0.0000
Recall: 0.0000
F1-score: 0.0000
Specificity: 1.0000
2025-03-10 14:40:18,770 - 
Class: truck
Accuracy: 0.8906
Precision: 0.2134
Recall: 0.0350
F1-score: 0.0601
Specificity: 0.9857
2025-03-10 14:40:18,771 - 
Confusion Matrix:
2025-03-10 14:40:18,771 - ----------------
2025-03-10 14:40:18,771 - Predicted ->
2025-03-10 14:40:18,771 - Actual ↓
2025-03-10 14:40:18,771 -       plane  car    bird   cat    deer   dog    frog   horse  ship   truck  
2025-03-10 14:40:18,771 - plane      56     32      0      1      0     36     82    788      0      5
2025-03-10 14:40:18,771 - car        15     56      0      2      0     57    115    730      0     25
2025-03-10 14:40:18,771 - bird       84     64      0      5      0     52    291    495      0      9
2025-03-10 14:40:18,771 - cat        59     75      2     10      0    103    225    503      0     23
2025-03-10 14:40:18,771 - deer       60     67      0      8      0     51    455    349      0     10
2025-03-10 14:40:18,771 - dog        50     50      0      9      0    106    160    616      0      9
2025-03-10 14:40:18,771 - frog       47     91      1      7      0     68    435    326      0     25
2025-03-10 14:40:18,771 - horse      29     40      0      8      0     51    154    704      0     14
2025-03-10 14:40:18,771 - ship       31     24      0      3      0     81     47    805      0      9
2025-03-10 14:40:18,771 - truck      25     29      0      1      0     19     74    817      0     35
